0 info it worked if it ends with ok
1 verbose cli [ 'node', '/usr/local/bin/npm', 'install', '-g', 'eslint' ]
2 info using npm@2.7.4
3 info using node@v0.12.2
4 silly cache add args [ 'eslint', null ]
5 verbose cache add spec eslint
6 silly cache add parsed spec { raw: 'eslint',
6 silly cache add   scope: null,
6 silly cache add   name: 'eslint',
6 silly cache add   rawSpec: '',
6 silly cache add   spec: '*',
6 silly cache add   type: 'range' }
7 verbose addNamed eslint@*
8 silly addNamed semver.valid null
9 silly addNamed semver.validRange *
10 silly addNameRange { name: 'eslint', range: '*', hasData: false }
11 silly mapToRegistry name eslint
12 silly mapToRegistry using default registry
13 silly mapToRegistry registry https://registry.npmjs.org/
14 silly mapToRegistry uri https://registry.npmjs.org/eslint
15 verbose addNameRange registry:https://registry.npmjs.org/eslint not in flight; fetching
16 verbose request uri https://registry.npmjs.org/eslint
17 verbose request no auth needed
18 info attempt registry request try #1 at 9:22:18 PM
19 verbose request id f7742a14a7c3c510
20 http request GET https://registry.npmjs.org/eslint
21 http 200 https://registry.npmjs.org/eslint
22 silly get cb [ 200,
22 silly get   { date: 'Thu, 16 Apr 2015 01:22:34 GMT',
22 silly get     server: 'CouchDB/1.5.0 (Erlang OTP/R16B03)',
22 silly get     etag: '"1XM02GSBNVV7GO86VQYF5BBTD"',
22 silly get     'content-type': 'application/json',
22 silly get     'cache-control': 'max-age=60',
22 silly get     'content-length': '112246',
22 silly get     'accept-ranges': 'bytes',
22 silly get     via: '1.1 varnish',
22 silly get     age: '0',
22 silly get     'x-served-by': 'cache-dfw1823-DFW',
22 silly get     'x-cache': 'HIT',
22 silly get     'x-cache-hits': '1',
22 silly get     'x-timer': 'S1429147354.936638,VS0,VE63',
22 silly get     vary: 'Accept',
22 silly get     'keep-alive': 'timeout=10, max=50',
22 silly get     connection: 'Keep-Alive' } ]
23 verbose get saving eslint to /Users/Arman/.npm/registry.npmjs.org/eslint/.cache.json
24 verbose getCacheStat cache creation not in flight; initializing
25 silly addNameRange number 2 { name: 'eslint', range: '*', hasData: true }
26 silly addNameRange versions [ 'eslint',
26 silly addNameRange   [ '0.0.4',
26 silly addNameRange     '0.0.5',
26 silly addNameRange     '0.0.6',
26 silly addNameRange     '0.0.7',
26 silly addNameRange     '0.1.0-dev',
26 silly addNameRange     '0.1.0',
26 silly addNameRange     '0.1.1',
26 silly addNameRange     '0.1.2',
26 silly addNameRange     '0.1.3',
26 silly addNameRange     '0.1.4',
26 silly addNameRange     '0.2.0',
26 silly addNameRange     '0.3.0',
26 silly addNameRange     '0.4.0',
26 silly addNameRange     '0.4.1',
26 silly addNameRange     '0.4.2',
26 silly addNameRange     '0.4.3',
26 silly addNameRange     '0.4.4',
26 silly addNameRange     '0.4.5',
26 silly addNameRange     '0.5.0',
26 silly addNameRange     '0.5.1',
26 silly addNameRange     '0.6.0',
26 silly addNameRange     '0.6.1',
26 silly addNameRange     '0.6.2',
26 silly addNameRange     '0.7.1',
26 silly addNameRange     '0.7.2',
26 silly addNameRange     '0.7.3',
26 silly addNameRange     '0.7.4',
26 silly addNameRange     '0.8.0',
26 silly addNameRange     '0.8.1',
26 silly addNameRange     '0.8.2',
26 silly addNameRange     '0.9.0',
26 silly addNameRange     '0.9.1',
26 silly addNameRange     '0.9.2',
26 silly addNameRange     '0.10.0-alpha',
26 silly addNameRange     '0.10.0-alpha.1',
26 silly addNameRange     '0.10.0-alpha.2',
26 silly addNameRange     '0.10.0',
26 silly addNameRange     '0.11.0-alpha.0',
26 silly addNameRange     '0.10.1',
26 silly addNameRange     '0.10.2',
26 silly addNameRange     '0.11.0',
26 silly addNameRange     '0.12.0',
26 silly addNameRange     '0.13.0',
26 silly addNameRange     '0.14.0',
26 silly addNameRange     '0.14.1',
26 silly addNameRange     '0.15.0',
26 silly addNameRange     '0.15.1',
26 silly addNameRange     '0.16.0',
26 silly addNameRange     '0.16.1',
26 silly addNameRange     '0.16.2',
26 silly addNameRange     '0.17.0',
26 silly addNameRange     '0.17.1',
26 silly addNameRange     '0.18.0',
26 silly addNameRange     '0.19.0' ] ]
27 verbose addNamed eslint@0.19.0
28 silly addNamed semver.valid 0.19.0
29 silly addNamed semver.validRange 0.19.0
30 silly mapToRegistry name eslint
31 silly mapToRegistry using default registry
32 silly mapToRegistry registry https://registry.npmjs.org/
33 silly mapToRegistry uri https://registry.npmjs.org/eslint
34 verbose addRemoteTarball https://registry.npmjs.org/eslint/-/eslint-0.19.0.tgz not in flight; adding
35 verbose addRemoteTarball [ 'https://registry.npmjs.org/eslint/-/eslint-0.19.0.tgz',
35 verbose addRemoteTarball   'a7e1453256d829fcd9535edb2ced55ea2914f809' ]
36 info retry fetch attempt 1 at 9:22:19 PM
37 info attempt registry request try #1 at 9:22:19 PM
38 http fetch GET https://registry.npmjs.org/eslint/-/eslint-0.19.0.tgz
39 http fetch 200 https://registry.npmjs.org/eslint/-/eslint-0.19.0.tgz
40 silly fetchAndShaCheck shasum a7e1453256d829fcd9535edb2ced55ea2914f809
41 verbose addTmpTarball /var/folders/c3/ggxqwnt50qz3w28brv973nb00000gn/T/npm-578-c69920b8/registry.npmjs.org/eslint/-/eslint-0.19.0.tgz not in flight; adding
42 verbose addTmpTarball already have metadata; skipping unpack for eslint@0.19.0
43 silly cache afterAdd eslint@0.19.0
44 verbose afterAdd /Users/Arman/.npm/eslint/0.19.0/package/package.json not in flight; writing
45 verbose afterAdd /Users/Arman/.npm/eslint/0.19.0/package/package.json written
46 silly install resolved [ { name: 'eslint',
46 silly install resolved     version: '0.19.0',
46 silly install resolved     author:
46 silly install resolved      { name: 'Nicholas C. Zakas',
46 silly install resolved        email: 'nicholas+npm@nczconsulting.com' },
46 silly install resolved     description: 'An AST-based pattern checker for JavaScript.',
46 silly install resolved     bin: { eslint: './bin/eslint.js' },
46 silly install resolved     main: './lib/api.js',
46 silly install resolved     scripts:
46 silly install resolved      { test: 'node Makefile.js test',
46 silly install resolved        lint: 'node Makefile.js lint',
46 silly install resolved        patch: 'node Makefile.js patch',
46 silly install resolved        minor: 'node Makefile.js minor',
46 silly install resolved        major: 'node Makefile.js major',
46 silly install resolved        docs: 'node Makefile.js docs',
46 silly install resolved        gensite: 'node Makefile.js gensite',
46 silly install resolved        browserify: 'node Makefile.js browserify',
46 silly install resolved        perf: 'node Makefile.js perf',
46 silly install resolved        profile: 'beefy tests/bench/bench.js --open -- -t brfs -t ./tests/bench/xform-rules.js',
46 silly install resolved        coveralls: 'cat ./coverage/lcov.info | coveralls' },
46 silly install resolved     files: [ 'LICENSE', 'README.md', 'bin', 'conf', 'lib' ],
46 silly install resolved     repository: { type: 'git', url: 'https://github.com/eslint/eslint' },
46 silly install resolved     homepage: 'http://eslint.org',
46 silly install resolved     bugs: { url: 'https://github.com/eslint/eslint/issues/' },
46 silly install resolved     dependencies:
46 silly install resolved      { chalk: '^1.0.0',
46 silly install resolved        'concat-stream': '^1.4.6',
46 silly install resolved        debug: '^2.1.1',
46 silly install resolved        doctrine: '^0.6.2',
46 silly install resolved        'escape-string-regexp': '^1.0.2',
46 silly install resolved        escope: '^3.0.0',
46 silly install resolved        espree: '^2.0.1',
46 silly install resolved        estraverse: '^2.0.0',
46 silly install resolved        'estraverse-fb': '^1.3.1',
46 silly install resolved        globals: '^6.1.0',
46 silly install resolved        'js-yaml': '^3.2.5',
46 silly install resolved        minimatch: '^2.0.1',
46 silly install resolved        mkdirp: '^0.5.0',
46 silly install resolved        'object-assign': '^2.0.0',
46 silly install resolved        optionator: '^0.5.0',
46 silly install resolved        'strip-json-comments': '~1.0.1',
46 silly install resolved        'text-table': '~0.2.0',
46 silly install resolved        'user-home': '^1.0.0',
46 silly install resolved        'xml-escape': '~1.0.0' },
46 silly install resolved     devDependencies:
46 silly install resolved      { beefy: '^1.0.0',
46 silly install resolved        brfs: '0.0.9',
46 silly install resolved        browserify: '^8.1.3',
46 silly install resolved        chai: '^1.9.1',
46 silly install resolved        coveralls: '2.11.2',
46 silly install resolved        dateformat: '^1.0.8',
46 silly install resolved        'esprima-fb': '^10001.1.0-dev-harmony-fb',
46 silly install resolved        'eslint-tester': '^0.6.0',
46 silly install resolved        istanbul: '^0.3.5',
46 silly install resolved        jsdoc: '^3.3.0-beta1',
46 silly install resolved        jsonlint: '^1.6.2',
46 silly install resolved        markdownlint: '^0.0.3',
46 silly install resolved        mocha: '^2.1.0',
46 silly install resolved        'mocha-phantomjs': '^3.5.0',
46 silly install resolved        'npm-license': '^0.2.3',
46 silly install resolved        phantomjs: '^1.9.9',
46 silly install resolved        proxyquire: '^1.0.0',
46 silly install resolved        semver: '^4.1.0',
46 silly install resolved        shelljs: '^0.3.0',
46 silly install resolved        'shelljs-nodecli': '~0.1.0',
46 silly install resolved        sinon: '^1.12.2',
46 silly install resolved        through: '^2.3.6' },
46 silly install resolved     keywords: [ 'ast', 'lint', 'javascript', 'ecmascript', 'espree' ],
46 silly install resolved     license: 'MIT',
46 silly install resolved     engines: { node: '>=0.10' },
46 silly install resolved     gitHead: '2b1db11638dec341495ade45b85e2b04e71f66bb',
46 silly install resolved     _id: 'eslint@0.19.0',
46 silly install resolved     _shasum: 'a7e1453256d829fcd9535edb2ced55ea2914f809',
46 silly install resolved     _from: 'eslint@*',
46 silly install resolved     _npmVersion: '1.4.28',
46 silly install resolved     _npmUser: { name: 'nzakas', email: 'nicholas@nczconsulting.com' },
46 silly install resolved     maintainers: [ [Object] ],
46 silly install resolved     dist:
46 silly install resolved      { shasum: 'a7e1453256d829fcd9535edb2ced55ea2914f809',
46 silly install resolved        tarball: 'http://registry.npmjs.org/eslint/-/eslint-0.19.0.tgz' },
46 silly install resolved     directories: {},
46 silly install resolved     _resolved: 'https://registry.npmjs.org/eslint/-/eslint-0.19.0.tgz' } ]
47 info install eslint@0.19.0 into /usr/local/lib
48 info installOne eslint@0.19.0
49 verbose installOne of eslint to /usr/local/lib not in flight; installing
50 verbose lock using /Users/Arman/.npm/_locks/eslint-73063478b74e4f91.lock for /usr/local/lib/node_modules/eslint
51 silly install write writing eslint 0.19.0 to /usr/local/lib/node_modules/eslint
52 silly cache addNamed cb eslint@0.19.0
53 verbose unbuild lib/node_modules/eslint
54 silly gentlyRm /usr/local/lib/node_modules/eslint is being purged from base /usr/local
55 verbose gentlyRm don't care about contents; nuking /usr/local/lib/node_modules/eslint
56 verbose tar unpack /Users/Arman/.npm/eslint/0.19.0/package.tgz
57 verbose tar unpacking to /usr/local/lib/node_modules/eslint
58 silly gentlyRm /usr/local/lib/node_modules/eslint is being purged
59 verbose gentlyRm don't care about contents; nuking /usr/local/lib/node_modules/eslint
60 silly gunzTarPerm modes [ '755', '644' ]
61 error tar.unpack untar error /Users/Arman/.npm/eslint/0.19.0/package.tgz
62 verbose unlock done using /Users/Arman/.npm/_locks/eslint-73063478b74e4f91.lock for /usr/local/lib/node_modules/eslint
63 verbose fstream_path /usr/local/lib/node_modules/eslint
64 verbose fstream_type Directory
65 verbose fstream_class DirWriter
66 verbose stack Error: EACCES, mkdir '/usr/local/lib/node_modules/eslint'
66 verbose stack     at Error (native)
67 verbose fstream_stack /usr/local/lib/node_modules/npm/node_modules/fstream/lib/dir-writer.js:36:23
67 verbose fstream_stack /usr/local/lib/node_modules/npm/node_modules/mkdirp/index.js:46:53
67 verbose fstream_stack FSReqWrap.oncomplete (fs.js:95:15)
68 verbose cwd /Users/Arman/Desktop/Yelin/app
69 error Darwin 14.1.0
70 error argv "node" "/usr/local/bin/npm" "install" "-g" "eslint"
71 error node v0.12.2
72 error npm  v2.7.4
73 error path /usr/local/lib/node_modules/eslint
74 error code EACCES
75 error errno -13
76 error Error: EACCES, mkdir '/usr/local/lib/node_modules/eslint'
76 error     at Error (native)
76 error  { [Error: EACCES, mkdir '/usr/local/lib/node_modules/eslint']
76 error   errno: -13,
76 error   code: 'EACCES',
76 error   path: '/usr/local/lib/node_modules/eslint',
76 error   fstream_type: 'Directory',
76 error   fstream_path: '/usr/local/lib/node_modules/eslint',
76 error   fstream_class: 'DirWriter',
76 error   fstream_stack:
76 error    [ '/usr/local/lib/node_modules/npm/node_modules/fstream/lib/dir-writer.js:36:23',
76 error      '/usr/local/lib/node_modules/npm/node_modules/mkdirp/index.js:46:53',
76 error      'FSReqWrap.oncomplete (fs.js:95:15)' ] }
77 error Please try running this command again as root/Administrator.
78 verbose exit [ -13, true ]
79 verbose unbuild lib/node_modules/eslint
80 silly gentlyRm /usr/local/lib/node_modules/eslint is being purged from base /usr/local
81 verbose gentlyRm don't care about contents; nuking /usr/local/lib/node_modules/eslint
