0 info it worked if it ends with ok
1 verbose cli [ 'node', '/usr/local/bin/npm', 'install', '-g', 'eslint' ]
2 info using npm@2.7.4
3 info using node@v0.12.2
4 silly cache add args [ 'eslint', null ]
5 verbose cache add spec eslint
6 silly cache add parsed spec { raw: 'eslint',
6 silly cache add   scope: null,
6 silly cache add   name: 'eslint',
6 silly cache add   rawSpec: '',
6 silly cache add   spec: '*',
6 silly cache add   type: 'range' }
7 verbose addNamed eslint@*
8 silly addNamed semver.valid null
9 silly addNamed semver.validRange *
10 silly addNameRange { name: 'eslint', range: '*', hasData: false }
11 silly mapToRegistry name eslint
12 silly mapToRegistry using default registry
13 silly mapToRegistry registry https://registry.npmjs.org/
14 silly mapToRegistry uri https://registry.npmjs.org/eslint
15 verbose addNameRange registry:https://registry.npmjs.org/eslint not in flight; fetching
16 verbose request uri https://registry.npmjs.org/eslint
17 verbose request no auth needed
18 info attempt registry request try #1 at 9:24:40 PM
19 verbose request id c3d9a860df06eebd
20 verbose etag "1XM02GSBNVV7GO86VQYF5BBTD"
21 http request GET https://registry.npmjs.org/eslint
22 http 304 https://registry.npmjs.org/eslint
23 silly get cb [ 304,
23 silly get   { date: 'Thu, 16 Apr 2015 01:24:56 GMT',
23 silly get     server: 'Apache',
23 silly get     via: '1.1 varnish',
23 silly get     'last-modified': 'Thu, 16 Apr 2015 01:24:56 GMT',
23 silly get     'cache-control': 'max-age=60',
23 silly get     etag: '"1XM02GSBNVV7GO86VQYF5BBTD"',
23 silly get     age: '57',
23 silly get     'x-served-by': 'cache-dfw1834-DFW',
23 silly get     'x-cache': 'HIT',
23 silly get     'x-cache-hits': '1',
23 silly get     'x-timer': 'S1429147496.650012,VS0,VE0',
23 silly get     vary: 'Accept',
23 silly get     'content-length': '0',
23 silly get     'keep-alive': 'timeout=10, max=50',
23 silly get     connection: 'Keep-Alive' } ]
24 verbose etag https://registry.npmjs.org/eslint from cache
25 verbose get saving eslint to /Users/Arman/.npm/registry.npmjs.org/eslint/.cache.json
26 silly addNameRange number 2 { name: 'eslint', range: '*', hasData: true }
27 silly addNameRange versions [ 'eslint',
27 silly addNameRange   [ '0.0.4',
27 silly addNameRange     '0.0.5',
27 silly addNameRange     '0.0.6',
27 silly addNameRange     '0.0.7',
27 silly addNameRange     '0.1.0-dev',
27 silly addNameRange     '0.1.0',
27 silly addNameRange     '0.1.1',
27 silly addNameRange     '0.1.2',
27 silly addNameRange     '0.1.3',
27 silly addNameRange     '0.1.4',
27 silly addNameRange     '0.2.0',
27 silly addNameRange     '0.3.0',
27 silly addNameRange     '0.4.0',
27 silly addNameRange     '0.4.1',
27 silly addNameRange     '0.4.2',
27 silly addNameRange     '0.4.3',
27 silly addNameRange     '0.4.4',
27 silly addNameRange     '0.4.5',
27 silly addNameRange     '0.5.0',
27 silly addNameRange     '0.5.1',
27 silly addNameRange     '0.6.0',
27 silly addNameRange     '0.6.1',
27 silly addNameRange     '0.6.2',
27 silly addNameRange     '0.7.1',
27 silly addNameRange     '0.7.2',
27 silly addNameRange     '0.7.3',
27 silly addNameRange     '0.7.4',
27 silly addNameRange     '0.8.0',
27 silly addNameRange     '0.8.1',
27 silly addNameRange     '0.8.2',
27 silly addNameRange     '0.9.0',
27 silly addNameRange     '0.9.1',
27 silly addNameRange     '0.9.2',
27 silly addNameRange     '0.10.0-alpha',
27 silly addNameRange     '0.10.0-alpha.1',
27 silly addNameRange     '0.10.0-alpha.2',
27 silly addNameRange     '0.10.0',
27 silly addNameRange     '0.11.0-alpha.0',
27 silly addNameRange     '0.10.1',
27 silly addNameRange     '0.10.2',
27 silly addNameRange     '0.11.0',
27 silly addNameRange     '0.12.0',
27 silly addNameRange     '0.13.0',
27 silly addNameRange     '0.14.0',
27 silly addNameRange     '0.14.1',
27 silly addNameRange     '0.15.0',
27 silly addNameRange     '0.15.1',
27 silly addNameRange     '0.16.0',
27 silly addNameRange     '0.16.1',
27 silly addNameRange     '0.16.2',
27 silly addNameRange     '0.17.0',
27 silly addNameRange     '0.17.1',
27 silly addNameRange     '0.18.0',
27 silly addNameRange     '0.19.0' ] ]
28 verbose addNamed eslint@0.19.0
29 silly addNamed semver.valid 0.19.0
30 silly addNamed semver.validRange 0.19.0
31 silly cache afterAdd eslint@0.19.0
32 verbose afterAdd /Users/Arman/.npm/eslint/0.19.0/package/package.json not in flight; writing
33 verbose afterAdd /Users/Arman/.npm/eslint/0.19.0/package/package.json written
34 silly install resolved [ { name: 'eslint',
34 silly install resolved     version: '0.19.0',
34 silly install resolved     author:
34 silly install resolved      { name: 'Nicholas C. Zakas',
34 silly install resolved        email: 'nicholas+npm@nczconsulting.com' },
34 silly install resolved     description: 'An AST-based pattern checker for JavaScript.',
34 silly install resolved     bin: { eslint: './bin/eslint.js' },
34 silly install resolved     main: './lib/api.js',
34 silly install resolved     scripts:
34 silly install resolved      { test: 'node Makefile.js test',
34 silly install resolved        lint: 'node Makefile.js lint',
34 silly install resolved        patch: 'node Makefile.js patch',
34 silly install resolved        minor: 'node Makefile.js minor',
34 silly install resolved        major: 'node Makefile.js major',
34 silly install resolved        docs: 'node Makefile.js docs',
34 silly install resolved        gensite: 'node Makefile.js gensite',
34 silly install resolved        browserify: 'node Makefile.js browserify',
34 silly install resolved        perf: 'node Makefile.js perf',
34 silly install resolved        profile: 'beefy tests/bench/bench.js --open -- -t brfs -t ./tests/bench/xform-rules.js',
34 silly install resolved        coveralls: 'cat ./coverage/lcov.info | coveralls' },
34 silly install resolved     files: [ 'LICENSE', 'README.md', 'bin', 'conf', 'lib' ],
34 silly install resolved     repository: { type: 'git', url: 'https://github.com/eslint/eslint' },
34 silly install resolved     homepage: 'http://eslint.org',
34 silly install resolved     bugs: { url: 'https://github.com/eslint/eslint/issues/' },
34 silly install resolved     dependencies:
34 silly install resolved      { chalk: '^1.0.0',
34 silly install resolved        'concat-stream': '^1.4.6',
34 silly install resolved        debug: '^2.1.1',
34 silly install resolved        doctrine: '^0.6.2',
34 silly install resolved        'escape-string-regexp': '^1.0.2',
34 silly install resolved        escope: '^3.0.0',
34 silly install resolved        espree: '^2.0.1',
34 silly install resolved        estraverse: '^2.0.0',
34 silly install resolved        'estraverse-fb': '^1.3.1',
34 silly install resolved        globals: '^6.1.0',
34 silly install resolved        'js-yaml': '^3.2.5',
34 silly install resolved        minimatch: '^2.0.1',
34 silly install resolved        mkdirp: '^0.5.0',
34 silly install resolved        'object-assign': '^2.0.0',
34 silly install resolved        optionator: '^0.5.0',
34 silly install resolved        'strip-json-comments': '~1.0.1',
34 silly install resolved        'text-table': '~0.2.0',
34 silly install resolved        'user-home': '^1.0.0',
34 silly install resolved        'xml-escape': '~1.0.0' },
34 silly install resolved     devDependencies:
34 silly install resolved      { beefy: '^1.0.0',
34 silly install resolved        brfs: '0.0.9',
34 silly install resolved        browserify: '^8.1.3',
34 silly install resolved        chai: '^1.9.1',
34 silly install resolved        coveralls: '2.11.2',
34 silly install resolved        dateformat: '^1.0.8',
34 silly install resolved        'esprima-fb': '^10001.1.0-dev-harmony-fb',
34 silly install resolved        'eslint-tester': '^0.6.0',
34 silly install resolved        istanbul: '^0.3.5',
34 silly install resolved        jsdoc: '^3.3.0-beta1',
34 silly install resolved        jsonlint: '^1.6.2',
34 silly install resolved        markdownlint: '^0.0.3',
34 silly install resolved        mocha: '^2.1.0',
34 silly install resolved        'mocha-phantomjs': '^3.5.0',
34 silly install resolved        'npm-license': '^0.2.3',
34 silly install resolved        phantomjs: '^1.9.9',
34 silly install resolved        proxyquire: '^1.0.0',
34 silly install resolved        semver: '^4.1.0',
34 silly install resolved        shelljs: '^0.3.0',
34 silly install resolved        'shelljs-nodecli': '~0.1.0',
34 silly install resolved        sinon: '^1.12.2',
34 silly install resolved        through: '^2.3.6' },
34 silly install resolved     keywords: [ 'ast', 'lint', 'javascript', 'ecmascript', 'espree' ],
34 silly install resolved     license: 'MIT',
34 silly install resolved     engines: { node: '>=0.10' },
34 silly install resolved     gitHead: '2b1db11638dec341495ade45b85e2b04e71f66bb',
34 silly install resolved     _id: 'eslint@0.19.0',
34 silly install resolved     _shasum: 'a7e1453256d829fcd9535edb2ced55ea2914f809',
34 silly install resolved     _from: 'eslint@*',
34 silly install resolved     _npmVersion: '1.4.28',
34 silly install resolved     _npmUser: { name: 'nzakas', email: 'nicholas@nczconsulting.com' },
34 silly install resolved     maintainers: [ [Object] ],
34 silly install resolved     dist:
34 silly install resolved      { shasum: 'a7e1453256d829fcd9535edb2ced55ea2914f809',
34 silly install resolved        tarball: 'http://registry.npmjs.org/eslint/-/eslint-0.19.0.tgz' },
34 silly install resolved     directories: {},
34 silly install resolved     _resolved: 'https://registry.npmjs.org/eslint/-/eslint-0.19.0.tgz',
34 silly install resolved     readme: 'ERROR: No README data found!' } ]
35 info install eslint@0.19.0 into /usr/local/lib
36 info installOne eslint@0.19.0
37 verbose installOne of eslint to /usr/local/lib not in flight; installing
38 verbose lock using /Users/Arman/.npm/_locks/eslint-73063478b74e4f91.lock for /usr/local/lib/node_modules/eslint
39 silly install write writing eslint 0.19.0 to /usr/local/lib/node_modules/eslint
40 silly cache addNamed cb eslint@0.19.0
41 verbose unbuild lib/node_modules/eslint
42 silly gentlyRm /usr/local/lib/node_modules/eslint is being purged from base /usr/local
43 verbose gentlyRm don't care about contents; nuking /usr/local/lib/node_modules/eslint
44 verbose tar unpack /Users/Arman/.npm/eslint/0.19.0/package.tgz
45 verbose tar unpacking to /usr/local/lib/node_modules/eslint
46 silly gentlyRm /usr/local/lib/node_modules/eslint is being purged
47 verbose gentlyRm don't care about contents; nuking /usr/local/lib/node_modules/eslint
48 silly gunzTarPerm modes [ '755', '644' ]
49 error tar.unpack untar error /Users/Arman/.npm/eslint/0.19.0/package.tgz
50 verbose unlock done using /Users/Arman/.npm/_locks/eslint-73063478b74e4f91.lock for /usr/local/lib/node_modules/eslint
51 verbose fstream_path /usr/local/lib/node_modules/eslint
52 verbose fstream_type Directory
53 verbose fstream_class DirWriter
54 verbose stack Error: EACCES, mkdir '/usr/local/lib/node_modules/eslint'
54 verbose stack     at Error (native)
55 verbose fstream_stack /usr/local/lib/node_modules/npm/node_modules/fstream/lib/dir-writer.js:36:23
55 verbose fstream_stack /usr/local/lib/node_modules/npm/node_modules/mkdirp/index.js:46:53
55 verbose fstream_stack FSReqWrap.oncomplete (fs.js:95:15)
56 verbose cwd /Users/Arman/Desktop/Yelin/app/core
57 error Darwin 14.1.0
58 error argv "node" "/usr/local/bin/npm" "install" "-g" "eslint"
59 error node v0.12.2
60 error npm  v2.7.4
61 error path /usr/local/lib/node_modules/eslint
62 error code EACCES
63 error errno -13
64 error Error: EACCES, mkdir '/usr/local/lib/node_modules/eslint'
64 error     at Error (native)
64 error  { [Error: EACCES, mkdir '/usr/local/lib/node_modules/eslint']
64 error   errno: -13,
64 error   code: 'EACCES',
64 error   path: '/usr/local/lib/node_modules/eslint',
64 error   fstream_type: 'Directory',
64 error   fstream_path: '/usr/local/lib/node_modules/eslint',
64 error   fstream_class: 'DirWriter',
64 error   fstream_stack:
64 error    [ '/usr/local/lib/node_modules/npm/node_modules/fstream/lib/dir-writer.js:36:23',
64 error      '/usr/local/lib/node_modules/npm/node_modules/mkdirp/index.js:46:53',
64 error      'FSReqWrap.oncomplete (fs.js:95:15)' ] }
65 error Please try running this command again as root/Administrator.
66 verbose exit [ -13, true ]
67 verbose unbuild lib/node_modules/eslint
68 silly gentlyRm /usr/local/lib/node_modules/eslint is being purged from base /usr/local
69 verbose gentlyRm don't care about contents; nuking /usr/local/lib/node_modules/eslint
